# JRE version: OpenJDK Runtime Environment (21.0.6) (build 21.0.6+-13391695-b895.109)
# Java VM: OpenJDK 64-Bit Server VM (21.0.6+-13391695-b895.109, mixed mode, tiered, compressed oops, compressed class ptrs, g1 gc, windows-amd64)
GC Precious Log:
 CardTable entry size: 512
 Card Set container configuration: InlinePtr #cards 5 size 8 Array Of Cards #cards 12 size 40 Howl #buckets 4 coarsen threshold 1843 Howl Bitmap #cards 512 size 80 coarsen threshold 460 Card regions per heap region 1 cards per card region 2048
 CPUs: 4 total, 4 available
 Memory: 12162M
 Large Page Support: Disabled
 NUMA Support: Disabled
 Compressed Oops: Enabled (32-bit)
 Heap Region Size: 1M
 Heap Min Capacity: 8M
 Heap Initial Capacity: 192M
 Heap Max Capacity: 2G
 Pre-touch: Disabled
 Parallel Workers: 4
 Concurrent Workers: 1
 Concurrent Refinement Workers: 4
 Periodic GC: Disabled
Heap:
 garbage-first heap   total 337920K, used 273303K [0x0000000080000000, 0x0000000100000000)
  region size 1024K, 91 young (93184K), 5 survivors (5120K)
 Metaspace       used 139098K, committed 141504K, reserved 1179648K
  class space    used 17957K, committed 19200K, reserved 1048576K
GC Heap History (20 events):
Event: 46.380 GC heap before
{Heap before GC invocations=57 (full 0):
 garbage-first heap   total 196608K, used 179833K [0x0000000080000000, 0x0000000100000000)
  region size 1024K, 65 young (66560K), 2 survivors (2048K)
 Metaspace       used 121745K, committed 124032K, reserved 1179648K
  class space    used 16294K, committed 17472K, reserved 1048576K
}
Event: 46.393 GC heap after
{Heap after GC invocations=58 (full 0):
 garbage-first heap   total 196608K, used 120246K [0x0000000080000000, 0x0000000100000000)
  region size 1024K, 6 young (6144K), 6 survivors (6144K)
 Metaspace       used 121745K, committed 124032K, reserved 1179648K
  class space    used 16294K, committed 17472K, reserved 1048576K
}
Event: 47.049 GC heap before
{Heap before GC invocations=58 (full 0):
 garbage-first heap   total 196608K, used 177590K [0x0000000080000000, 0x0000000100000000)
  region size 1024K, 63 young (64512K), 6 survivors (6144K)
 Metaspace       used 122244K, committed 124544K, reserved 1179648K
  class space    used 16349K, committed 17536K, reserved 1048576K
}
Event: 47.065 GC heap after
{Heap after GC invocations=59 (full 0):
 garbage-first heap   total 196608K, used 124357K [0x0000000080000000, 0x0000000100000000)
  region size 1024K, 7 young (7168K), 7 survivors (7168K)
 Metaspace       used 122244K, committed 124544K, reserved 1179648K
  class space    used 16349K, committed 17536K, reserved 1048576K
}
Event: 54.474 GC heap before
{Heap before GC invocations=60 (full 0):
 garbage-first heap   total 206848K, used 175557K [0x0000000080000000, 0x0000000100000000)
  region size 1024K, 59 young (60416K), 7 survivors (7168K)
 Metaspace       used 123125K, committed 125440K, reserved 1179648K
  class space    used 16451K, committed 17664K, reserved 1048576K
}
Event: 54.486 GC heap after
{Heap after GC invocations=61 (full 0):
 garbage-first heap   total 206848K, used 125054K [0x0000000080000000, 0x0000000100000000)
  region size 1024K, 5 young (5120K), 5 survivors (5120K)
 Metaspace       used 123125K, committed 125440K, reserved 1179648K
  class space    used 16451K, committed 17664K, reserved 1048576K
}
Event: 56.179 GC heap before
{Heap before GC invocations=61 (full 0):
 garbage-first heap   total 206848K, used 204926K [0x0000000080000000, 0x0000000100000000)
  region size 1024K, 64 young (65536K), 5 survivors (5120K)
 Metaspace       used 125769K, committed 128128K, reserved 1179648K
  class space    used 16798K, committed 17984K, reserved 1048576K
}
Event: 56.195 GC heap after
{Heap after GC invocations=62 (full 0):
 garbage-first heap   total 216064K, used 125099K [0x0000000080000000, 0x0000000100000000)
  region size 1024K, 6 young (6144K), 6 survivors (6144K)
 Metaspace       used 125769K, committed 128128K, reserved 1179648K
  class space    used 16798K, committed 17984K, reserved 1048576K
}
Event: 60.897 GC heap before
{Heap before GC invocations=62 (full 0):
 garbage-first heap   total 216064K, used 195755K [0x0000000080000000, 0x0000000100000000)
  region size 1024K, 76 young (77824K), 6 survivors (6144K)
 Metaspace       used 130433K, committed 132736K, reserved 1179648K
  class space    used 17217K, committed 18368K, reserved 1048576K
}
Event: 60.915 GC heap after
{Heap after GC invocations=63 (full 0):
 garbage-first heap   total 216064K, used 128726K [0x0000000080000000, 0x0000000100000000)
  region size 1024K, 8 young (8192K), 8 survivors (8192K)
 Metaspace       used 130433K, committed 132736K, reserved 1179648K
  class space    used 17217K, committed 18368K, reserved 1048576K
}
Event: 64.180 GC heap before
{Heap before GC invocations=63 (full 0):
 garbage-first heap   total 216064K, used 195286K [0x0000000080000000, 0x0000000100000000)
  region size 1024K, 73 young (74752K), 8 survivors (8192K)
 Metaspace       used 132624K, committed 134976K, reserved 1179648K
  class space    used 17391K, committed 18560K, reserved 1048576K
}
Event: 64.201 GC heap after
{Heap after GC invocations=64 (full 0):
 garbage-first heap   total 216064K, used 135247K [0x0000000080000000, 0x0000000100000000)
  region size 1024K, 10 young (10240K), 10 survivors (10240K)
 Metaspace       used 132624K, committed 134976K, reserved 1179648K
  class space    used 17391K, committed 18560K, reserved 1048576K
}
Event: 66.115 GC heap before
{Heap before GC invocations=65 (full 0):
 garbage-first heap   total 227328K, used 191567K [0x0000000080000000, 0x0000000100000000)
  region size 1024K, 66 young (67584K), 10 survivors (10240K)
 Metaspace       used 133846K, committed 136192K, reserved 1179648K
  class space    used 17536K, committed 18752K, reserved 1048576K
}
Event: 66.144 GC heap after
{Heap after GC invocations=66 (full 0):
 garbage-first heap   total 227328K, used 140856K [0x0000000080000000, 0x0000000100000000)
  region size 1024K, 6 young (6144K), 6 survivors (6144K)
 Metaspace       used 133846K, committed 136192K, reserved 1179648K
  class space    used 17536K, committed 18752K, reserved 1048576K
}
Event: 70.507 GC heap before
{Heap before GC invocations=66 (full 0):
 garbage-first heap   total 227328K, used 224824K [0x0000000080000000, 0x0000000100000000)
  region size 1024K, 71 young (72704K), 6 survivors (6144K)
 Metaspace       used 134237K, committed 136576K, reserved 1179648K
  class space    used 17563K, committed 18752K, reserved 1048576K
}
Event: 70.530 GC heap after
{Heap after GC invocations=67 (full 0):
 garbage-first heap   total 240640K, used 163734K [0x0000000080000000, 0x0000000100000000)
  region size 1024K, 6 young (6144K), 6 survivors (6144K)
 Metaspace       used 134237K, committed 136576K, reserved 1179648K
  class space    used 17563K, committed 18752K, reserved 1048576K
}
Event: 70.547 GC heap before
{Heap before GC invocations=67 (full 0):
 garbage-first heap   total 240640K, used 163734K [0x0000000080000000, 0x0000000100000000)
  region size 1024K, 7 young (7168K), 6 survivors (6144K)
 Metaspace       used 134262K, committed 136576K, reserved 1179648K
  class space    used 17568K, committed 18752K, reserved 1048576K
}
Event: 70.555 GC heap after
{Heap after GC invocations=68 (full 0):
 garbage-first heap   total 240640K, used 165247K [0x0000000080000000, 0x0000000100000000)
  region size 1024K, 1 young (1024K), 1 survivors (1024K)
 Metaspace       used 134262K, committed 136576K, reserved 1179648K
  class space    used 17568K, committed 18752K, reserved 1048576K
}
Event: 74.309 GC heap before
{Heap before GC invocations=69 (full 0):
 garbage-first heap   total 337920K, used 280959K [0x0000000080000000, 0x0000000100000000)
  region size 1024K, 56 young (57344K), 1 survivors (1024K)
 Metaspace       used 138814K, committed 141248K, reserved 1179648K
  class space    used 17949K, committed 19200K, reserved 1048576K
}
Event: 74.318 GC heap after
{Heap after GC invocations=70 (full 0):
 garbage-first heap   total 337920K, used 187287K [0x0000000080000000, 0x0000000100000000)
  region size 1024K, 5 young (5120K), 5 survivors (5120K)
 Metaspace       used 138814K, committed 141248K, reserved 1179648K
  class space    used 17949K, committed 19200K, reserved 1048576K
}

